{"C:\\Users\\lplp9\\OneDrive\\שולחן העבודה\\bingo\\Back-end\\src\\controllers\\OrderController.ts": {"path":"C:\\Users\\lplp9\\OneDrive\\שולחן העבודה\\bingo\\Back-end\\src\\controllers\\OrderController.ts","statementMap":{"0":{"start":{"line":2,"column":0},"end":{"line":2,"column":140}},"1":{"start":{"line":6,"column":47},"end":{"line":18,"column":null}},"2":{"start":{"line":6,"column":85},"end":{"line":18,"column":null}},"3":{"start":{"line":7,"column":4},"end":{"line":17,"column":5}},"4":{"start":{"line":8,"column":35},"end":{"line":8,"column":43}},"5":{"start":{"line":9,"column":22},"end":{"line":9,"column":52}},"6":{"start":{"line":10,"column":8},"end":{"line":14,"column":11}},"7":{"start":{"line":16,"column":8},"end":{"line":16,"column":73}},"8":{"start":{"line":6,"column":13},"end":{"line":6,"column":47}},"9":{"start":{"line":20,"column":38},"end":{"line":31,"column":null}},"10":{"start":{"line":20,"column":76},"end":{"line":31,"column":null}},"11":{"start":{"line":21,"column":4},"end":{"line":30,"column":5}},"12":{"start":{"line":22,"column":23},"end":{"line":22,"column":43}},"13":{"start":{"line":23,"column":8},"end":{"line":27,"column":11}},"14":{"start":{"line":29,"column":8},"end":{"line":29,"column":73}},"15":{"start":{"line":20,"column":13},"end":{"line":20,"column":38}},"16":{"start":{"line":33,"column":38},"end":{"line":45,"column":null}},"17":{"start":{"line":33,"column":76},"end":{"line":45,"column":null}},"18":{"start":{"line":34,"column":4},"end":{"line":44,"column":5}},"19":{"start":{"line":35,"column":29},"end":{"line":35,"column":39}},"20":{"start":{"line":36,"column":22},"end":{"line":36,"column":54}},"21":{"start":{"line":37,"column":8},"end":{"line":41,"column":11}},"22":{"start":{"line":43,"column":8},"end":{"line":43,"column":73}},"23":{"start":{"line":33,"column":13},"end":{"line":33,"column":38}},"24":{"start":{"line":47,"column":53},"end":{"line":59,"column":null}},"25":{"start":{"line":47,"column":91},"end":{"line":59,"column":null}},"26":{"start":{"line":48,"column":4},"end":{"line":58,"column":5}},"27":{"start":{"line":49,"column":28},"end":{"line":49,"column":36}},"28":{"start":{"line":50,"column":22},"end":{"line":50,"column":64}},"29":{"start":{"line":51,"column":8},"end":{"line":55,"column":11}},"30":{"start":{"line":57,"column":8},"end":{"line":57,"column":73}},"31":{"start":{"line":47,"column":13},"end":{"line":47,"column":53}},"32":{"start":{"line":61,"column":51},"end":{"line":73,"column":null}},"33":{"start":{"line":61,"column":89},"end":{"line":73,"column":null}},"34":{"start":{"line":62,"column":4},"end":{"line":72,"column":5}},"35":{"start":{"line":63,"column":38},"end":{"line":63,"column":46}},"36":{"start":{"line":64,"column":23},"end":{"line":64,"column":73}},"37":{"start":{"line":65,"column":8},"end":{"line":69,"column":11}},"38":{"start":{"line":71,"column":8},"end":{"line":71,"column":73}},"39":{"start":{"line":61,"column":13},"end":{"line":61,"column":51}}},"fnMap":{"0":{"name":"(anonymous_7)","decl":{"start":{"line":6,"column":47},"end":{"line":6,"column":54}},"loc":{"start":{"line":6,"column":85},"end":{"line":18,"column":null}}},"1":{"name":"(anonymous_8)","decl":{"start":{"line":6,"column":85},"end":{"line":6,"column":null}},"loc":{"start":{"line":6,"column":85},"end":{"line":18,"column":1}}},"2":{"name":"(anonymous_9)","decl":{"start":{"line":20,"column":38},"end":{"line":20,"column":45}},"loc":{"start":{"line":20,"column":76},"end":{"line":31,"column":null}}},"3":{"name":"(anonymous_10)","decl":{"start":{"line":20,"column":76},"end":{"line":20,"column":null}},"loc":{"start":{"line":20,"column":76},"end":{"line":31,"column":1}}},"4":{"name":"(anonymous_11)","decl":{"start":{"line":33,"column":38},"end":{"line":33,"column":45}},"loc":{"start":{"line":33,"column":76},"end":{"line":45,"column":null}}},"5":{"name":"(anonymous_12)","decl":{"start":{"line":33,"column":76},"end":{"line":33,"column":null}},"loc":{"start":{"line":33,"column":76},"end":{"line":45,"column":1}}},"6":{"name":"(anonymous_13)","decl":{"start":{"line":47,"column":53},"end":{"line":47,"column":60}},"loc":{"start":{"line":47,"column":91},"end":{"line":59,"column":null}}},"7":{"name":"(anonymous_14)","decl":{"start":{"line":47,"column":91},"end":{"line":47,"column":null}},"loc":{"start":{"line":47,"column":91},"end":{"line":59,"column":1}}},"8":{"name":"(anonymous_15)","decl":{"start":{"line":61,"column":51},"end":{"line":61,"column":58}},"loc":{"start":{"line":61,"column":89},"end":{"line":73,"column":null}}},"9":{"name":"(anonymous_16)","decl":{"start":{"line":61,"column":89},"end":{"line":61,"column":null}},"loc":{"start":{"line":61,"column":89},"end":{"line":73,"column":1}}}},"branchMap":{},"s":{"0":1,"1":1,"2":1,"3":1,"4":1,"5":1,"6":1,"7":0,"8":1,"9":1,"10":0,"11":0,"12":0,"13":0,"14":0,"15":1,"16":1,"17":0,"18":0,"19":0,"20":0,"21":0,"22":0,"23":1,"24":1,"25":0,"26":0,"27":0,"28":0,"29":0,"30":0,"31":1,"32":1,"33":0,"34":0,"35":0,"36":0,"37":0,"38":0,"39":1},"f":{"0":1,"1":1,"2":0,"3":0,"4":0,"5":0,"6":0,"7":0,"8":0,"9":0},"b":{}}
,"C:\\Users\\lplp9\\OneDrive\\שולחן העבודה\\bingo\\Back-end\\src\\controllers\\ProductController.ts": {"path":"C:\\Users\\lplp9\\OneDrive\\שולחן העבודה\\bingo\\Back-end\\src\\controllers\\ProductController.ts","statementMap":{"0":{"start":{"line":1,"column":0},"end":{"line":1,"column":60}},"1":{"start":{"line":5,"column":37},"end":{"line":22,"column":2}},"2":{"start":{"line":5,"column":75},"end":{"line":22,"column":2}},"3":{"start":{"line":6,"column":2},"end":{"line":21,"column":3}},"4":{"start":{"line":7,"column":33},"end":{"line":7,"column":55}},"5":{"start":{"line":8,"column":4},"end":{"line":11,"column":5}},"6":{"start":{"line":9,"column":6},"end":{"line":9,"column":77}},"7":{"start":{"line":10,"column":6},"end":{"line":10,"column":13}},"8":{"start":{"line":12,"column":4},"end":{"line":18,"column":9}},"9":{"start":{"line":20,"column":4},"end":{"line":20,"column":69}},"10":{"start":{"line":5,"column":13},"end":{"line":5,"column":37}}},"fnMap":{"0":{"name":"(anonymous_7)","decl":{"start":{"line":5,"column":37},"end":{"line":5,"column":44}},"loc":{"start":{"line":5,"column":75},"end":{"line":22,"column":2}}},"1":{"name":"(anonymous_8)","decl":{"start":{"line":5,"column":75},"end":{"line":5,"column":null}},"loc":{"start":{"line":5,"column":75},"end":{"line":22,"column":1}}}},"branchMap":{"0":{"loc":{"start":{"line":8,"column":4},"end":{"line":11,"column":5}},"type":"if","locations":[{"start":{"line":8,"column":4},"end":{"line":11,"column":5}}]}},"s":{"0":1,"1":1,"2":2,"3":2,"4":2,"5":1,"6":0,"7":0,"8":1,"9":1,"10":1},"f":{"0":2,"1":2},"b":{"0":[0]}}
,"C:\\Users\\lplp9\\OneDrive\\שולחן העבודה\\bingo\\Back-end\\src\\controllers\\userController.ts": {"path":"C:\\Users\\lplp9\\OneDrive\\שולחן העבודה\\bingo\\Back-end\\src\\controllers\\userController.ts","statementMap":{"0":{"start":{"line":2,"column":0},"end":{"line":2,"column":97}},"1":{"start":{"line":4,"column":35},"end":{"line":17,"column":2}},"2":{"start":{"line":4,"column":73},"end":{"line":17,"column":2}},"3":{"start":{"line":5,"column":2},"end":{"line":16,"column":3}},"4":{"start":{"line":6,"column":42},"end":{"line":6,"column":50}},"5":{"start":{"line":7,"column":20},"end":{"line":7,"column":69}},"6":{"start":{"line":8,"column":4},"end":{"line":8,"column":25}},"7":{"start":{"line":9,"column":4},"end":{"line":13,"column":7}},"8":{"start":{"line":15,"column":4},"end":{"line":15,"column":69}},"9":{"start":{"line":4,"column":13},"end":{"line":4,"column":35}},"10":{"start":{"line":19,"column":32},"end":{"line":49,"column":2}},"11":{"start":{"line":22,"column":19},"end":{"line":49,"column":2}},"12":{"start":{"line":23,"column":2},"end":{"line":48,"column":3}},"13":{"start":{"line":24,"column":35},"end":{"line":24,"column":43}},"14":{"start":{"line":26,"column":17},"end":{"line":26,"column":48}},"15":{"start":{"line":27,"column":28},"end":{"line":27,"column":32}},"16":{"start":{"line":28,"column":4},"end":{"line":28,"column":32}},"17":{"start":{"line":29,"column":4},"end":{"line":34,"column":9}},"18":{"start":{"line":37,"column":4},"end":{"line":41,"column":7}},"19":{"start":{"line":43,"column":4},"end":{"line":43,"column":41}},"20":{"start":{"line":44,"column":4},"end":{"line":47,"column":7}},"21":{"start":{"line":19,"column":13},"end":{"line":19,"column":32}},"22":{"start":{"line":51,"column":42},"end":{"line":64,"column":null}},"23":{"start":{"line":51,"column":80},"end":{"line":64,"column":null}},"24":{"start":{"line":52,"column":2},"end":{"line":63,"column":3}},"25":{"start":{"line":53,"column":41},"end":{"line":53,"column":49}},"26":{"start":{"line":54,"column":0},"end":{"line":54,"column":null}},"27":{"start":{"line":55,"column":17},"end":{"line":55,"column":66}},"28":{"start":{"line":56,"column":4},"end":{"line":60,"column":7}},"29":{"start":{"line":62,"column":4},"end":{"line":62,"column":69}},"30":{"start":{"line":51,"column":13},"end":{"line":51,"column":42}},"31":{"start":{"line":66,"column":37},"end":{"line":78,"column":2}},"32":{"start":{"line":66,"column":75},"end":{"line":78,"column":2}},"33":{"start":{"line":67,"column":2},"end":{"line":77,"column":3}},"34":{"start":{"line":68,"column":23},"end":{"line":68,"column":33}},"35":{"start":{"line":69,"column":17},"end":{"line":69,"column":42}},"36":{"start":{"line":70,"column":4},"end":{"line":74,"column":7}},"37":{"start":{"line":76,"column":4},"end":{"line":76,"column":69}},"38":{"start":{"line":66,"column":13},"end":{"line":66,"column":37}},"39":{"start":{"line":79,"column":37},"end":{"line":90,"column":null}},"40":{"start":{"line":79,"column":75},"end":{"line":90,"column":null}},"41":{"start":{"line":80,"column":2},"end":{"line":89,"column":3}},"42":{"start":{"line":81,"column":18},"end":{"line":81,"column":37}},"43":{"start":{"line":82,"column":4},"end":{"line":86,"column":7}},"44":{"start":{"line":88,"column":4},"end":{"line":88,"column":69}},"45":{"start":{"line":79,"column":13},"end":{"line":79,"column":37}},"46":{"start":{"line":92,"column":4},"end":{"line":92,"column":49}}},"fnMap":{"0":{"name":"(anonymous_7)","decl":{"start":{"line":4,"column":35},"end":{"line":4,"column":42}},"loc":{"start":{"line":4,"column":73},"end":{"line":17,"column":2}}},"1":{"name":"(anonymous_8)","decl":{"start":{"line":4,"column":73},"end":{"line":4,"column":null}},"loc":{"start":{"line":4,"column":73},"end":{"line":17,"column":1}}},"2":{"name":"(anonymous_9)","decl":{"start":{"line":19,"column":32},"end":{"line":19,"column":null}},"loc":{"start":{"line":22,"column":19},"end":{"line":49,"column":2}}},"3":{"name":"(anonymous_10)","decl":{"start":{"line":22,"column":19},"end":{"line":22,"column":null}},"loc":{"start":{"line":22,"column":19},"end":{"line":49,"column":1}}},"4":{"name":"(anonymous_11)","decl":{"start":{"line":51,"column":42},"end":{"line":51,"column":49}},"loc":{"start":{"line":51,"column":80},"end":{"line":64,"column":null}}},"5":{"name":"(anonymous_12)","decl":{"start":{"line":51,"column":80},"end":{"line":51,"column":null}},"loc":{"start":{"line":51,"column":80},"end":{"line":64,"column":1}}},"6":{"name":"(anonymous_13)","decl":{"start":{"line":66,"column":37},"end":{"line":66,"column":44}},"loc":{"start":{"line":66,"column":75},"end":{"line":78,"column":2}}},"7":{"name":"(anonymous_14)","decl":{"start":{"line":66,"column":75},"end":{"line":66,"column":null}},"loc":{"start":{"line":66,"column":75},"end":{"line":78,"column":1}}},"8":{"name":"(anonymous_15)","decl":{"start":{"line":79,"column":37},"end":{"line":79,"column":44}},"loc":{"start":{"line":79,"column":75},"end":{"line":90,"column":null}}},"9":{"name":"(anonymous_16)","decl":{"start":{"line":79,"column":75},"end":{"line":79,"column":null}},"loc":{"start":{"line":79,"column":75},"end":{"line":90,"column":1}}},"10":{"name":"gitAllUsers","decl":{"start":{"line":91,"column":9},"end":{"line":91,"column":20}},"loc":{"start":{"line":91,"column":20},"end":{"line":93,"column":1}}}},"branchMap":{"0":{"loc":{"start":{"line":45,"column":15},"end":{"line":45,"column":67}},"type":"binary-expr","locations":[{"start":{"line":45,"column":15},"end":{"line":45,"column":28}},{"start":{"line":45,"column":32},"end":{"line":45,"column":67}}]}},"s":{"0":1,"1":1,"2":2,"3":2,"4":2,"5":2,"6":1,"7":1,"8":1,"9":1,"10":1,"11":1,"12":1,"13":1,"14":1,"15":1,"16":1,"17":1,"18":1,"19":0,"20":0,"21":1,"22":1,"23":1,"24":1,"25":1,"26":1,"27":1,"28":1,"29":0,"30":1,"31":1,"32":0,"33":0,"34":0,"35":0,"36":0,"37":0,"38":1,"39":1,"40":0,"41":0,"42":0,"43":0,"44":0,"45":1,"46":0},"f":{"0":2,"1":2,"2":1,"3":1,"4":1,"5":1,"6":0,"7":0,"8":0,"9":0,"10":0},"b":{"0":[0,0]}}
,"C:\\Users\\lplp9\\OneDrive\\שולחן העבודה\\bingo\\Back-end\\src\\types\\enums.ts": {"path":"C:\\Users\\lplp9\\OneDrive\\שולחן העבודה\\bingo\\Back-end\\src\\types\\enums.ts","statementMap":{"0":{"start":{"line":1,"column":0},"end":{"line":1,"column":null}},"1":{"start":{"line":2,"column":4},"end":{"line":2,"column":null}},"2":{"start":{"line":3,"column":4},"end":{"line":3,"column":null}},"3":{"start":{"line":4,"column":4},"end":{"line":4,"column":null}},"4":{"start":{"line":5,"column":4},"end":{"line":5,"column":null}},"5":{"start":{"line":6,"column":4},"end":{"line":6,"column":null}}},"fnMap":{"0":{"name":"(anonymous_0)","decl":{"start":{"line":1,"column":0},"end":{"line":1,"column":12}},"loc":{"start":{"line":1,"column":19},"end":{"line":7,"column":3}}}},"branchMap":{"0":{"loc":{"start":{"line":1,"column":12},"end":{"line":1,"column":null}},"type":"binary-expr","locations":[{"start":{"line":1,"column":12},"end":{"line":1,"column":19}},{"start":{"line":1,"column":19},"end":{"line":1,"column":null}}]}},"s":{"0":1,"1":1,"2":1,"3":1,"4":1,"5":1},"f":{"0":1},"b":{"0":[1,1]}}
}
