TN:
SF:src\controllers\OrderController.ts
FN:6,(anonymous_7)
FN:6,(anonymous_8)
FN:20,(anonymous_9)
FN:20,(anonymous_10)
FN:33,(anonymous_11)
FN:33,(anonymous_12)
FN:47,(anonymous_13)
FN:47,(anonymous_14)
FN:61,(anonymous_15)
FN:61,(anonymous_16)
FNF:10
FNH:2
FNDA:1,(anonymous_7)
FNDA:1,(anonymous_8)
FNDA:0,(anonymous_9)
FNDA:0,(anonymous_10)
FNDA:0,(anonymous_11)
FNDA:0,(anonymous_12)
FNDA:0,(anonymous_13)
FNDA:0,(anonymous_14)
FNDA:0,(anonymous_15)
FNDA:0,(anonymous_16)
DA:2,1
DA:6,1
DA:7,1
DA:8,1
DA:9,1
DA:10,1
DA:16,0
DA:20,1
DA:21,0
DA:22,0
DA:23,0
DA:29,0
DA:33,1
DA:34,0
DA:35,0
DA:36,0
DA:37,0
DA:43,0
DA:47,1
DA:48,0
DA:49,0
DA:50,0
DA:51,0
DA:57,0
DA:61,1
DA:62,0
DA:63,0
DA:64,0
DA:65,0
DA:71,0
LF:30
LH:10
BRF:0
BRH:0
end_of_record
TN:
SF:src\controllers\ProductController.ts
FN:5,(anonymous_7)
FN:5,(anonymous_8)
FNF:2
FNH:2
FNDA:2,(anonymous_7)
FNDA:2,(anonymous_8)
DA:1,1
DA:5,2
DA:6,2
DA:7,2
DA:8,1
DA:9,0
DA:10,0
DA:12,1
DA:20,1
LF:9
LH:7
BRDA:8,0,0,0
BRF:1
BRH:0
end_of_record
TN:
SF:src\controllers\userController.ts
FN:4,(anonymous_7)
FN:4,(anonymous_8)
FN:19,(anonymous_9)
FN:22,(anonymous_10)
FN:51,(anonymous_11)
FN:51,(anonymous_12)
FN:66,(anonymous_13)
FN:66,(anonymous_14)
FN:79,(anonymous_15)
FN:79,(anonymous_16)
FN:91,gitAllUsers
FNF:11
FNH:6
FNDA:2,(anonymous_7)
FNDA:2,(anonymous_8)
FNDA:1,(anonymous_9)
FNDA:1,(anonymous_10)
FNDA:1,(anonymous_11)
FNDA:1,(anonymous_12)
FNDA:0,(anonymous_13)
FNDA:0,(anonymous_14)
FNDA:0,(anonymous_15)
FNDA:0,(anonymous_16)
FNDA:0,gitAllUsers
DA:2,1
DA:4,2
DA:5,2
DA:6,2
DA:7,2
DA:8,1
DA:9,1
DA:15,1
DA:19,1
DA:22,1
DA:23,1
DA:24,1
DA:26,1
DA:27,1
DA:28,1
DA:29,1
DA:37,1
DA:43,0
DA:44,0
DA:51,1
DA:52,1
DA:53,1
DA:54,1
DA:55,1
DA:56,1
DA:62,0
DA:66,1
DA:67,0
DA:68,0
DA:69,0
DA:70,0
DA:76,0
DA:79,1
DA:80,0
DA:81,0
DA:82,0
DA:88,0
DA:92,0
LF:38
LH:25
BRDA:45,0,0,0
BRDA:45,0,1,0
BRF:2
BRH:0
end_of_record
TN:
SF:src\types\enums.ts
FN:1,(anonymous_0)
FNF:1
FNH:1
FNDA:1,(anonymous_0)
DA:1,1
DA:2,1
DA:3,1
DA:4,1
DA:5,1
DA:6,1
LF:6
LH:6
BRDA:1,0,0,1
BRDA:1,0,1,1
BRF:2
BRH:2
end_of_record
